#! /usr/local/iverilog/bin/vvp
:ivl_version "11.0 (devel)" "(s20150603-642-g3bdb50da)";
:ivl_delay_selection "TYPICAL";
:vpi_time_precision + 0;
:vpi_module "system";
:vpi_module "vhdl_sys";
:vpi_module "vhdl_textio";
:vpi_module "v2005_math";
:vpi_module "va_math";
S_0000000000f6cf20 .scope module, "TB" "TB" 2 1;
 .timescale 0 0;
v0000000001011590_0 .var "CLK", 0 0;
v0000000001012d50_0 .net "Q", 3 0, L_0000000001012df0;  1 drivers
v0000000001012210_0 .var "rst", 0 0;
S_0000000000f6d0b0 .scope module, "g1" "gen" 2 4, 3 17 0, S_0000000000f6cf20;
 .timescale 0 0;
    .port_info 0 /INPUT 1 "clk";
    .port_info 1 /INPUT 1 "rst";
    .port_info 2 /OUTPUT 4 "Q";
v0000000001012f30_0 .net "Q", 3 0, L_0000000001012df0;  alias, 1 drivers
L_0000000001014068 .functor BUFT 1, C4<1>, C4<0>, C4<0>, C4<0>;
v0000000001011f90_0 .net "c2", 0 0, L_0000000001014068;  1 drivers
v0000000001012a30_0 .net "clk", 0 0, v0000000001011590_0;  1 drivers
v0000000001012670 .array "d", 0 1;
v0000000001012670_0 .net v0000000001012670 0, 0 0, L_0000000001011630; 1 drivers
v0000000001012670_1 .net v0000000001012670 1, 0 0, L_0000000000f82c90; 1 drivers
v0000000001012cb0_0 .net "q", 0 0, v0000000000fad500_0;  1 drivers
v00000000010114f0_0 .net "rst", 0 0, v0000000001012210_0;  1 drivers
L_00000000010128f0 .part L_0000000001012df0, 3, 1;
L_0000000001012710 .part L_0000000001012df0, 1, 1;
L_0000000001011a90 .part L_0000000001012df0, 2, 1;
L_0000000001011770 .part L_0000000001012df0, 1, 1;
L_00000000010118b0 .part L_0000000001012df0, 3, 1;
L_0000000001012df0 .concat8 [ 1 1 1 1], L_0000000001012030, v0000000001011130_0, v00000000010119f0_0, v00000000010123f0_0;
S_0000000000fb52b0 .scope module, "a1" "and2" 3 25, 4 5 0, S_0000000000f6d0b0;
 .timescale 0 0;
    .port_info 0 /INPUT 1 "i0";
    .port_info 1 /INPUT 1 "i1";
    .port_info 2 /OUTPUT 1 "o";
L_0000000000f82c90 .functor AND 1, L_0000000001012710, L_0000000001011a90, C4<1>, C4<1>;
v0000000000facec0_0 .net "i0", 0 0, L_0000000001012710;  1 drivers
v0000000000fad280_0 .net "i1", 0 0, L_0000000001011a90;  1 drivers
v0000000000fad320_0 .net "o", 0 0, L_0000000000f82c90;  alias, 1 drivers
S_0000000000fb5440 .scope module, "first" "jkff" 3 27, 3 1 0, S_0000000000f6d0b0;
 .timescale 0 0;
    .port_info 0 /INPUT 1 "J";
    .port_info 1 /INPUT 1 "K";
    .port_info 2 /INPUT 1 "clk";
    .port_info 3 /INPUT 1 "rst";
    .port_info 4 /OUTPUT 1 "Q";
L_00000000010140b0 .functor BUFT 1, C4<1>, C4<0>, C4<0>, C4<0>;
v0000000000fad140_0 .net "J", 0 0, L_00000000010140b0;  1 drivers
L_00000000010140f8 .functor BUFT 1, C4<1>, C4<0>, C4<0>, C4<0>;
v0000000000fad460_0 .net "K", 0 0, L_00000000010140f8;  1 drivers
v0000000000fad500_0 .var "Q", 0 0;
v0000000000fad5a0_0 .net "clk", 0 0, v0000000001011590_0;  alias, 1 drivers
v0000000000facf60_0 .net "rst", 0 0, v0000000001012210_0;  alias, 1 drivers
E_0000000000faca50 .event negedge, v0000000000fad5a0_0;
S_0000000000fb9000 .scope module, "fourth" "jkff" 3 30, 3 1 0, S_0000000000f6d0b0;
 .timescale 0 0;
    .port_info 0 /INPUT 1 "J";
    .port_info 1 /INPUT 1 "K";
    .port_info 2 /INPUT 1 "clk";
    .port_info 3 /INPUT 1 "rst";
    .port_info 4 /OUTPUT 1 "Q";
v0000000000fad000_0 .net "J", 0 0, L_0000000000f82c90;  alias, 1 drivers
v0000000001011270_0 .net "K", 0 0, L_00000000010118b0;  1 drivers
v00000000010123f0_0 .var "Q", 0 0;
v0000000001011310_0 .net "clk", 0 0, v0000000000fad500_0;  alias, 1 drivers
v00000000010116d0_0 .net "rst", 0 0, v0000000001012210_0;  alias, 1 drivers
E_0000000000facc10 .event negedge, v0000000000fad500_0;
S_0000000000fb9190 .scope module, "i1" "invert" 3 23, 4 1 0, S_0000000000f6d0b0;
 .timescale 0 0;
    .port_info 0 /INPUT 1 "i";
    .port_info 1 /OUTPUT 1 "o";
v0000000001011950_0 .net "i", 0 0, L_00000000010128f0;  1 drivers
v0000000001012490_0 .net "o", 0 0, L_0000000001011630;  alias, 1 drivers
L_0000000001011630 .reduce/nor L_00000000010128f0;
S_0000000000f82510 .scope module, "i2" "invert" 3 24, 4 1 0, S_0000000000f6d0b0;
 .timescale 0 0;
    .port_info 0 /INPUT 1 "i";
    .port_info 1 /OUTPUT 1 "o";
v00000000010111d0_0 .net "i", 0 0, L_0000000001014068;  alias, 1 drivers
v0000000001011090_0 .net "o", 0 0, L_0000000001012030;  1 drivers
L_0000000001012030 .reduce/nor L_0000000001014068;
S_0000000000f826a0 .scope module, "second" "jkff" 3 28, 3 1 0, S_0000000000f6d0b0;
 .timescale 0 0;
    .port_info 0 /INPUT 1 "J";
    .port_info 1 /INPUT 1 "K";
    .port_info 2 /INPUT 1 "clk";
    .port_info 3 /INPUT 1 "rst";
    .port_info 4 /OUTPUT 1 "Q";
v0000000001011b30_0 .net "J", 0 0, L_0000000001011630;  alias, 1 drivers
v0000000001012530_0 .net "K", 0 0, L_0000000001011630;  alias, 1 drivers
v0000000001011130_0 .var "Q", 0 0;
v00000000010113b0_0 .net "clk", 0 0, v0000000000fad500_0;  alias, 1 drivers
v0000000001011810_0 .net "rst", 0 0, v0000000001012210_0;  alias, 1 drivers
S_0000000000fb2e70 .scope module, "third" "jkff" 3 29, 3 1 0, S_0000000000f6d0b0;
 .timescale 0 0;
    .port_info 0 /INPUT 1 "J";
    .port_info 1 /INPUT 1 "K";
    .port_info 2 /INPUT 1 "clk";
    .port_info 3 /INPUT 1 "rst";
    .port_info 4 /OUTPUT 1 "Q";
L_0000000001014140 .functor BUFT 1, C4<1>, C4<0>, C4<0>, C4<0>;
v00000000010122b0_0 .net "J", 0 0, L_0000000001014140;  1 drivers
L_0000000001014188 .functor BUFT 1, C4<1>, C4<0>, C4<0>, C4<0>;
v0000000001011450_0 .net "K", 0 0, L_0000000001014188;  1 drivers
v00000000010119f0_0 .var "Q", 0 0;
v00000000010125d0_0 .net "clk", 0 0, L_0000000001011770;  1 drivers
v0000000001011c70_0 .net "rst", 0 0, v0000000001012210_0;  alias, 1 drivers
E_0000000000fac8d0 .event negedge, v00000000010125d0_0;
    .scope S_0000000000fb5440;
T_0 ;
    %wait E_0000000000faca50;
    %load/vec4 v0000000000facf60_0;
    %flag_set/vec4 8;
    %jmp/0xz  T_0.0, 8;
    %pushi/vec4 0, 0, 1;
    %assign/vec4 v0000000000fad500_0, 0;
    %jmp T_0.1;
T_0.0 ;
    %load/vec4 v0000000000fad140_0;
    %load/vec4 v0000000000fad460_0;
    %concat/vec4; draw_concat_vec4
    %dup/vec4;
    %pushi/vec4 0, 0, 2;
    %cmp/u;
    %jmp/1 T_0.2, 6;
    %dup/vec4;
    %pushi/vec4 1, 0, 2;
    %cmp/u;
    %jmp/1 T_0.3, 6;
    %dup/vec4;
    %pushi/vec4 2, 0, 2;
    %cmp/u;
    %jmp/1 T_0.4, 6;
    %dup/vec4;
    %pushi/vec4 3, 0, 2;
    %cmp/u;
    %jmp/1 T_0.5, 6;
    %jmp T_0.6;
T_0.2 ;
    %load/vec4 v0000000000fad500_0;
    %assign/vec4 v0000000000fad500_0, 0;
    %jmp T_0.6;
T_0.3 ;
    %pushi/vec4 0, 0, 1;
    %assign/vec4 v0000000000fad500_0, 0;
    %jmp T_0.6;
T_0.4 ;
    %pushi/vec4 1, 0, 1;
    %assign/vec4 v0000000000fad500_0, 0;
    %jmp T_0.6;
T_0.5 ;
    %load/vec4 v0000000000fad500_0;
    %inv;
    %assign/vec4 v0000000000fad500_0, 0;
    %jmp T_0.6;
T_0.6 ;
    %pop/vec4 1;
T_0.1 ;
    %jmp T_0;
    .thread T_0;
    .scope S_0000000000f826a0;
T_1 ;
    %wait E_0000000000facc10;
    %load/vec4 v0000000001011810_0;
    %flag_set/vec4 8;
    %jmp/0xz  T_1.0, 8;
    %pushi/vec4 0, 0, 1;
    %assign/vec4 v0000000001011130_0, 0;
    %jmp T_1.1;
T_1.0 ;
    %load/vec4 v0000000001011b30_0;
    %load/vec4 v0000000001012530_0;
    %concat/vec4; draw_concat_vec4
    %dup/vec4;
    %pushi/vec4 0, 0, 2;
    %cmp/u;
    %jmp/1 T_1.2, 6;
    %dup/vec4;
    %pushi/vec4 1, 0, 2;
    %cmp/u;
    %jmp/1 T_1.3, 6;
    %dup/vec4;
    %pushi/vec4 2, 0, 2;
    %cmp/u;
    %jmp/1 T_1.4, 6;
    %dup/vec4;
    %pushi/vec4 3, 0, 2;
    %cmp/u;
    %jmp/1 T_1.5, 6;
    %jmp T_1.6;
T_1.2 ;
    %load/vec4 v0000000001011130_0;
    %assign/vec4 v0000000001011130_0, 0;
    %jmp T_1.6;
T_1.3 ;
    %pushi/vec4 0, 0, 1;
    %assign/vec4 v0000000001011130_0, 0;
    %jmp T_1.6;
T_1.4 ;
    %pushi/vec4 1, 0, 1;
    %assign/vec4 v0000000001011130_0, 0;
    %jmp T_1.6;
T_1.5 ;
    %load/vec4 v0000000001011130_0;
    %inv;
    %assign/vec4 v0000000001011130_0, 0;
    %jmp T_1.6;
T_1.6 ;
    %pop/vec4 1;
T_1.1 ;
    %jmp T_1;
    .thread T_1;
    .scope S_0000000000fb2e70;
T_2 ;
    %wait E_0000000000fac8d0;
    %load/vec4 v0000000001011c70_0;
    %flag_set/vec4 8;
    %jmp/0xz  T_2.0, 8;
    %pushi/vec4 0, 0, 1;
    %assign/vec4 v00000000010119f0_0, 0;
    %jmp T_2.1;
T_2.0 ;
    %load/vec4 v00000000010122b0_0;
    %load/vec4 v0000000001011450_0;
    %concat/vec4; draw_concat_vec4
    %dup/vec4;
    %pushi/vec4 0, 0, 2;
    %cmp/u;
    %jmp/1 T_2.2, 6;
    %dup/vec4;
    %pushi/vec4 1, 0, 2;
    %cmp/u;
    %jmp/1 T_2.3, 6;
    %dup/vec4;
    %pushi/vec4 2, 0, 2;
    %cmp/u;
    %jmp/1 T_2.4, 6;
    %dup/vec4;
    %pushi/vec4 3, 0, 2;
    %cmp/u;
    %jmp/1 T_2.5, 6;
    %jmp T_2.6;
T_2.2 ;
    %load/vec4 v00000000010119f0_0;
    %assign/vec4 v00000000010119f0_0, 0;
    %jmp T_2.6;
T_2.3 ;
    %pushi/vec4 0, 0, 1;
    %assign/vec4 v00000000010119f0_0, 0;
    %jmp T_2.6;
T_2.4 ;
    %pushi/vec4 1, 0, 1;
    %assign/vec4 v00000000010119f0_0, 0;
    %jmp T_2.6;
T_2.5 ;
    %load/vec4 v00000000010119f0_0;
    %inv;
    %assign/vec4 v00000000010119f0_0, 0;
    %jmp T_2.6;
T_2.6 ;
    %pop/vec4 1;
T_2.1 ;
    %jmp T_2;
    .thread T_2;
    .scope S_0000000000fb9000;
T_3 ;
    %wait E_0000000000facc10;
    %load/vec4 v00000000010116d0_0;
    %flag_set/vec4 8;
    %jmp/0xz  T_3.0, 8;
    %pushi/vec4 0, 0, 1;
    %assign/vec4 v00000000010123f0_0, 0;
    %jmp T_3.1;
T_3.0 ;
    %load/vec4 v0000000000fad000_0;
    %load/vec4 v0000000001011270_0;
    %concat/vec4; draw_concat_vec4
    %dup/vec4;
    %pushi/vec4 0, 0, 2;
    %cmp/u;
    %jmp/1 T_3.2, 6;
    %dup/vec4;
    %pushi/vec4 1, 0, 2;
    %cmp/u;
    %jmp/1 T_3.3, 6;
    %dup/vec4;
    %pushi/vec4 2, 0, 2;
    %cmp/u;
    %jmp/1 T_3.4, 6;
    %dup/vec4;
    %pushi/vec4 3, 0, 2;
    %cmp/u;
    %jmp/1 T_3.5, 6;
    %jmp T_3.6;
T_3.2 ;
    %load/vec4 v00000000010123f0_0;
    %assign/vec4 v00000000010123f0_0, 0;
    %jmp T_3.6;
T_3.3 ;
    %pushi/vec4 0, 0, 1;
    %assign/vec4 v00000000010123f0_0, 0;
    %jmp T_3.6;
T_3.4 ;
    %pushi/vec4 1, 0, 1;
    %assign/vec4 v00000000010123f0_0, 0;
    %jmp T_3.6;
T_3.5 ;
    %load/vec4 v00000000010123f0_0;
    %inv;
    %assign/vec4 v00000000010123f0_0, 0;
    %jmp T_3.6;
T_3.6 ;
    %pop/vec4 1;
T_3.1 ;
    %jmp T_3;
    .thread T_3;
    .scope S_0000000000f6cf20;
T_4 ;
    %pushi/vec4 0, 0, 1;
    %store/vec4 v0000000001011590_0, 0, 1;
    %pushi/vec4 1, 0, 1;
    %store/vec4 v0000000001012210_0, 0, 1;
    %end;
    .thread T_4;
    .scope S_0000000000f6cf20;
T_5 ;
    %vpi_call 2 7 "$dumpfile", "tb_dump.vcd" {0 0 0};
    %vpi_call 2 8 "$dumpvars", 32'sb00000000000000000000000000000000, S_0000000000f6cf20 {0 0 0};
    %end;
    .thread T_5;
    .scope S_0000000000f6cf20;
T_6 ;
    %pushi/vec4 40, 0, 32;
T_6.0 %dup/vec4;
    %pushi/vec4 0, 0, 32;
    %cmp/s;
    %jmp/1xz T_6.1, 5;
    %jmp/1 T_6.1, 4;
    %pushi/vec4 1, 0, 32;
    %sub;
    %delay 50, 0;
    %load/vec4 v0000000001011590_0;
    %inv;
    %store/vec4 v0000000001011590_0, 0, 1;
    %jmp T_6.0;
T_6.1 ;
    %pop/vec4 1;
    %end;
    .thread T_6;
    .scope S_0000000000f6cf20;
T_7 ;
    %delay 70, 0;
    %pushi/vec4 0, 0, 1;
    %store/vec4 v0000000001012210_0, 0, 1;
    %end;
    .thread T_7;
# The file index is used to find the file name in the following table.
:file_names 5;
    "N/A";
    "<interactive>";
    "tb.v";
    "main.v";
    "lib.v";
