#! /usr/local/iverilog/bin/vvp
:ivl_version "11.0 (devel)" "(s20150603-642-g3bdb50da)";
:ivl_delay_selection "TYPICAL";
:vpi_time_precision + 0;
:vpi_module "system";
:vpi_module "vhdl_sys";
:vpi_module "vhdl_textio";
:vpi_module "v2005_math";
:vpi_module "va_math";
S_00000000001fd260 .scope module, "tb" "tb" 2 1;
 .timescale 0 0;
v0000000000872680_0 .var "clock", 0 0;
v0000000000872720_0 .net "num", 3 0, L_00000000001f9a00;  1 drivers
v00000000008727c0_0 .var "reset", 0 0;
S_00000000001fd3f0 .scope module, "e1" "evencounter" 2 4, 3 1 0, S_00000000001fd260;
 .timescale 0 0;
    .port_info 0 /INPUT 1 "clock";
    .port_info 1 /INPUT 1 "reset";
    .port_info 2 /OUTPUT 4 "count_num";
L_00000000001f9a00 .functor BUFZ 4, v0000000000872540_0, C4<0000>, C4<0000>, C4<0000>;
v00000000001fd580_0 .net "clock", 0 0, v0000000000872680_0;  1 drivers
v00000000001fcdb0_0 .net "count_num", 3 0, L_00000000001f9a00;  alias, 1 drivers
v0000000000872540_0 .var "num", 3 0;
v00000000008725e0_0 .net "reset", 0 0, v00000000008727c0_0;  1 drivers
E_00000000008745b0 .event posedge, v00000000008725e0_0, v00000000001fd580_0;
    .scope S_00000000001fd3f0;
T_0 ;
    %pushi/vec4 0, 0, 4;
    %store/vec4 v0000000000872540_0, 0, 4;
    %end;
    .thread T_0;
    .scope S_00000000001fd3f0;
T_1 ;
    %wait E_00000000008745b0;
    %load/vec4 v00000000008725e0_0;
    %flag_set/vec4 8;
    %jmp/0xz  T_1.0, 8;
    %pushi/vec4 0, 0, 4;
    %store/vec4 v0000000000872540_0, 0, 4;
    %jmp T_1.1;
T_1.0 ;
    %load/vec4 v0000000000872540_0;
    %addi 2, 0, 4;
    %store/vec4 v0000000000872540_0, 0, 4;
T_1.1 ;
    %jmp T_1;
    .thread T_1;
    .scope S_00000000001fd260;
T_2 ;
    %vpi_call 2 7 "$dumpfile", "tb_dump.vcd" {0 0 0};
    %vpi_call 2 8 "$dumpvars", 32'sb00000000000000000000000000000000, S_00000000001fd260 {0 0 0};
    %end;
    .thread T_2;
    .scope S_00000000001fd260;
T_3 ;
    %pushi/vec4 0, 0, 1;
    %store/vec4 v0000000000872680_0, 0, 1;
    %pushi/vec4 90, 0, 32;
T_3.0 %dup/vec4;
    %pushi/vec4 0, 0, 32;
    %cmp/s;
    %jmp/1xz T_3.1, 5;
    %jmp/1 T_3.1, 4;
    %pushi/vec4 1, 0, 32;
    %sub;
    %delay 10, 0;
    %load/vec4 v0000000000872680_0;
    %inv;
    %store/vec4 v0000000000872680_0, 0, 1;
    %jmp T_3.0;
T_3.1 ;
    %pop/vec4 1;
    %end;
    .thread T_3;
    .scope S_00000000001fd260;
T_4 ;
    %pushi/vec4 0, 0, 1;
    %store/vec4 v00000000008727c0_0, 0, 1;
    %delay 310, 0;
    %pushi/vec4 1, 0, 1;
    %store/vec4 v00000000008727c0_0, 0, 1;
    %delay 20, 0;
    %pushi/vec4 0, 0, 1;
    %store/vec4 v00000000008727c0_0, 0, 1;
    %end;
    .thread T_4;
# The file index is used to find the file name in the following table.
:file_names 4;
    "N/A";
    "<interactive>";
    "tb.v";
    "main.v";
